2021-03-28 00:13:45.654  INFO 17724 --- [restartedMain] com.blog.BlogApplication                 : Starting BlogApplication on LAPTOP-09CQOJM8 with PID 17724 (D:\work_blog\blog-master\blog\target\classes started by hp in D:\work_blog\blog-master\blog)
2021-03-28 00:13:45.659  INFO 17724 --- [restartedMain] com.blog.BlogApplication                 : The following profiles are active: pro
2021-03-28 00:13:45.972  WARN 17724 --- [restartedMain] o.m.s.mapper.ClassPathMapperScanner      : No MyBatis mapper was found in '[com.blog]' package. Please check your configuration.
2021-03-28 00:13:46.015  WARN 17724 --- [restartedMain] org.apache.tomcat.util.modeler.Registry  : The MBean registry cannot be disabled because it has already been initialised
2021-03-28 00:13:46.269  WARN 17724 --- [restartedMain] ConfigServletWebServerApplicationContext : Exception encountered during context initialization - cancelling refresh attempt: org.springframework.beans.factory.BeanCreationException: Error creating bean with name 'sqlSessionFactory' defined in class path resource [org/mybatis/spring/boot/autoconfigure/MybatisAutoConfiguration.class]: Bean instantiation via factory method failed; nested exception is org.springframework.beans.BeanInstantiationException: Failed to instantiate [org.apache.ibatis.session.SqlSessionFactory]: Factory method 'sqlSessionFactory' threw exception; nested exception is org.springframework.core.NestedIOException: Failed to parse mapping resource: 'file [D:\work_blog\blog-master\blog\target\classes\mapper\BlogDao.xml]'; nested exception is org.apache.ibatis.builder.BuilderException: Error parsing Mapper XML. The XML location is 'file [D:\work_blog\blog-master\blog\target\classes\mapper\BlogDao.xml]'. Cause: org.apache.ibatis.builder.BuilderException: Error resolving class. Cause: org.apache.ibatis.type.TypeException: Could not resolve type alias 'Blog'.  Cause: java.lang.ClassNotFoundException: Cannot find class: Blog
2021-03-28 00:13:46.282 ERROR 17724 --- [restartedMain] o.s.boot.SpringApplication               : Application run failed

org.springframework.beans.factory.BeanCreationException: Error creating bean with name 'sqlSessionFactory' defined in class path resource [org/mybatis/spring/boot/autoconfigure/MybatisAutoConfiguration.class]: Bean instantiation via factory method failed; nested exception is org.springframework.beans.BeanInstantiationException: Failed to instantiate [org.apache.ibatis.session.SqlSessionFactory]: Factory method 'sqlSessionFactory' threw exception; nested exception is org.springframework.core.NestedIOException: Failed to parse mapping resource: 'file [D:\work_blog\blog-master\blog\target\classes\mapper\BlogDao.xml]'; nested exception is org.apache.ibatis.builder.BuilderException: Error parsing Mapper XML. The XML location is 'file [D:\work_blog\blog-master\blog\target\classes\mapper\BlogDao.xml]'. Cause: org.apache.ibatis.builder.BuilderException: Error resolving class. Cause: org.apache.ibatis.type.TypeException: Could not resolve type alias 'Blog'.  Cause: java.lang.ClassNotFoundException: Cannot find class: Blog
	at org.springframework.beans.factory.support.ConstructorResolver.instantiate(ConstructorResolver.java:645) ~[spring-beans-5.2.1.RELEASE.jar:5.2.1.RELEASE]
	at org.springframework.beans.factory.support.ConstructorResolver.instantiateUsingFactoryMethod(ConstructorResolver.java:625) ~[spring-beans-5.2.1.RELEASE.jar:5.2.1.RELEASE]
	at org.springframework.beans.factory.support.AbstractAutowireCapableBeanFactory.instantiateUsingFactoryMethod(AbstractAutowireCapableBeanFactory.java:1338) ~[spring-beans-5.2.1.RELEASE.jar:5.2.1.RELEASE]
	at org.springframework.beans.factory.support.AbstractAutowireCapableBeanFactory.createBeanInstance(AbstractAutowireCapableBeanFactory.java:1177) ~[spring-beans-5.2.1.RELEASE.jar:5.2.1.RELEASE]
	at org.springframework.beans.factory.support.AbstractAutowireCapableBeanFactory.doCreateBean(AbstractAutowireCapableBeanFactory.java:557) ~[spring-beans-5.2.1.RELEASE.jar:5.2.1.RELEASE]
	at org.springframework.beans.factory.support.AbstractAutowireCapableBeanFactory.createBean(AbstractAutowireCapableBeanFactory.java:517) ~[spring-beans-5.2.1.RELEASE.jar:5.2.1.RELEASE]
	at org.springframework.beans.factory.support.AbstractBeanFactory.lambda$doGetBean$0(AbstractBeanFactory.java:323) ~[spring-beans-5.2.1.RELEASE.jar:5.2.1.RELEASE]
	at org.springframework.beans.factory.support.DefaultSingletonBeanRegistry.getSingleton(DefaultSingletonBeanRegistry.java:222) ~[spring-beans-5.2.1.RELEASE.jar:5.2.1.RELEASE]
	at org.springframework.beans.factory.support.AbstractBeanFactory.doGetBean(AbstractBeanFactory.java:321) ~[spring-beans-5.2.1.RELEASE.jar:5.2.1.RELEASE]
	at org.springframework.beans.factory.support.AbstractBeanFactory.getBean(AbstractBeanFactory.java:202) ~[spring-beans-5.2.1.RELEASE.jar:5.2.1.RELEASE]
	at org.springframework.beans.factory.support.DefaultListableBeanFactory.preInstantiateSingletons(DefaultListableBeanFactory.java:879) ~[spring-beans-5.2.1.RELEASE.jar:5.2.1.RELEASE]
	at org.springframework.context.support.AbstractApplicationContext.finishBeanFactoryInitialization(AbstractApplicationContext.java:878) ~[spring-context-5.2.1.RELEASE.jar:5.2.1.RELEASE]
	at org.springframework.context.support.AbstractApplicationContext.refresh(AbstractApplicationContext.java:550) ~[spring-context-5.2.1.RELEASE.jar:5.2.1.RELEASE]
	at org.springframework.boot.web.servlet.context.ServletWebServerApplicationContext.refresh(ServletWebServerApplicationContext.java:141) ~[spring-boot-2.2.1.RELEASE.jar:2.2.1.RELEASE]
	at org.springframework.boot.SpringApplication.refresh(SpringApplication.java:747) [spring-boot-2.2.1.RELEASE.jar:2.2.1.RELEASE]
	at org.springframework.boot.SpringApplication.refreshContext(SpringApplication.java:397) [spring-boot-2.2.1.RELEASE.jar:2.2.1.RELEASE]
	at org.springframework.boot.SpringApplication.run(SpringApplication.java:315) [spring-boot-2.2.1.RELEASE.jar:2.2.1.RELEASE]
	at org.springframework.boot.SpringApplication.run(SpringApplication.java:1226) [spring-boot-2.2.1.RELEASE.jar:2.2.1.RELEASE]
	at org.springframework.boot.SpringApplication.run(SpringApplication.java:1215) [spring-boot-2.2.1.RELEASE.jar:2.2.1.RELEASE]
	at com.blog.BlogApplication.main(BlogApplication.java:10) [classes/:na]
	at sun.reflect.NativeMethodAccessorImpl.invoke0(Native Method) ~[na:1.8.0_201]
	at sun.reflect.NativeMethodAccessorImpl.invoke(NativeMethodAccessorImpl.java:62) ~[na:1.8.0_201]
	at sun.reflect.DelegatingMethodAccessorImpl.invoke(DelegatingMethodAccessorImpl.java:43) ~[na:1.8.0_201]
	at java.lang.reflect.Method.invoke(Method.java:498) ~[na:1.8.0_201]
	at org.springframework.boot.devtools.restart.RestartLauncher.run(RestartLauncher.java:49) [spring-boot-devtools-2.2.1.RELEASE.jar:2.2.1.RELEASE]
Caused by: org.springframework.beans.BeanInstantiationException: Failed to instantiate [org.apache.ibatis.session.SqlSessionFactory]: Factory method 'sqlSessionFactory' threw exception; nested exception is org.springframework.core.NestedIOException: Failed to parse mapping resource: 'file [D:\work_blog\blog-master\blog\target\classes\mapper\BlogDao.xml]'; nested exception is org.apache.ibatis.builder.BuilderException: Error parsing Mapper XML. The XML location is 'file [D:\work_blog\blog-master\blog\target\classes\mapper\BlogDao.xml]'. Cause: org.apache.ibatis.builder.BuilderException: Error resolving class. Cause: org.apache.ibatis.type.TypeException: Could not resolve type alias 'Blog'.  Cause: java.lang.ClassNotFoundException: Cannot find class: Blog
	at org.springframework.beans.factory.support.SimpleInstantiationStrategy.instantiate(SimpleInstantiationStrategy.java:185) ~[spring-beans-5.2.1.RELEASE.jar:5.2.1.RELEASE]
	at org.springframework.beans.factory.support.ConstructorResolver.instantiate(ConstructorResolver.java:640) ~[spring-beans-5.2.1.RELEASE.jar:5.2.1.RELEASE]
	... 24 common frames omitted
Caused by: org.springframework.core.NestedIOException: Failed to parse mapping resource: 'file [D:\work_blog\blog-master\blog\target\classes\mapper\BlogDao.xml]'; nested exception is org.apache.ibatis.builder.BuilderException: Error parsing Mapper XML. The XML location is 'file [D:\work_blog\blog-master\blog\target\classes\mapper\BlogDao.xml]'. Cause: org.apache.ibatis.builder.BuilderException: Error resolving class. Cause: org.apache.ibatis.type.TypeException: Could not resolve type alias 'Blog'.  Cause: java.lang.ClassNotFoundException: Cannot find class: Blog
	at org.mybatis.spring.SqlSessionFactoryBean.buildSqlSessionFactory(SqlSessionFactoryBean.java:595) ~[mybatis-spring-2.0.3.jar:2.0.3]
	at org.mybatis.spring.SqlSessionFactoryBean.afterPropertiesSet(SqlSessionFactoryBean.java:475) ~[mybatis-spring-2.0.3.jar:2.0.3]
	at org.mybatis.spring.SqlSessionFactoryBean.getObject(SqlSessionFactoryBean.java:615) ~[mybatis-spring-2.0.3.jar:2.0.3]
	at org.mybatis.spring.boot.autoconfigure.MybatisAutoConfiguration.sqlSessionFactory(MybatisAutoConfiguration.java:180) ~[mybatis-spring-boot-autoconfigure-2.1.1.jar:2.1.1]
	at org.mybatis.spring.boot.autoconfigure.MybatisAutoConfiguration$$EnhancerBySpringCGLIB$$b27d0ad5.CGLIB$sqlSessionFactory$1(<generated>) ~[mybatis-spring-boot-autoconfigure-2.1.1.jar:2.1.1]
	at org.mybatis.spring.boot.autoconfigure.MybatisAutoConfiguration$$EnhancerBySpringCGLIB$$b27d0ad5$$FastClassBySpringCGLIB$$4b88f90d.invoke(<generated>) ~[mybatis-spring-boot-autoconfigure-2.1.1.jar:2.1.1]
	at org.springframework.cglib.proxy.MethodProxy.invokeSuper(MethodProxy.java:244) ~[spring-core-5.2.1.RELEASE.jar:5.2.1.RELEASE]
	at org.springframework.context.annotation.ConfigurationClassEnhancer$BeanMethodInterceptor.intercept(ConfigurationClassEnhancer.java:363) ~[spring-context-5.2.1.RELEASE.jar:5.2.1.RELEASE]
	at org.mybatis.spring.boot.autoconfigure.MybatisAutoConfiguration$$EnhancerBySpringCGLIB$$b27d0ad5.sqlSessionFactory(<generated>) ~[mybatis-spring-boot-autoconfigure-2.1.1.jar:2.1.1]
	at sun.reflect.NativeMethodAccessorImpl.invoke0(Native Method) ~[na:1.8.0_201]
	at sun.reflect.NativeMethodAccessorImpl.invoke(NativeMethodAccessorImpl.java:62) ~[na:1.8.0_201]
	at sun.reflect.DelegatingMethodAccessorImpl.invoke(DelegatingMethodAccessorImpl.java:43) ~[na:1.8.0_201]
	at java.lang.reflect.Method.invoke(Method.java:498) ~[na:1.8.0_201]
	at org.springframework.beans.factory.support.SimpleInstantiationStrategy.instantiate(SimpleInstantiationStrategy.java:154) ~[spring-beans-5.2.1.RELEASE.jar:5.2.1.RELEASE]
	... 25 common frames omitted
Caused by: org.apache.ibatis.builder.BuilderException: Error parsing Mapper XML. The XML location is 'file [D:\work_blog\blog-master\blog\target\classes\mapper\BlogDao.xml]'. Cause: org.apache.ibatis.builder.BuilderException: Error resolving class. Cause: org.apache.ibatis.type.TypeException: Could not resolve type alias 'Blog'.  Cause: java.lang.ClassNotFoundException: Cannot find class: Blog
	at org.apache.ibatis.builder.xml.XMLMapperBuilder.configurationElement(XMLMapperBuilder.java:122) ~[mybatis-3.5.3.jar:3.5.3]
	at org.apache.ibatis.builder.xml.XMLMapperBuilder.parse(XMLMapperBuilder.java:94) ~[mybatis-3.5.3.jar:3.5.3]
	at org.mybatis.spring.SqlSessionFactoryBean.buildSqlSessionFactory(SqlSessionFactoryBean.java:593) ~[mybatis-spring-2.0.3.jar:2.0.3]
	... 38 common frames omitted
Caused by: org.apache.ibatis.builder.BuilderException: Error resolving class. Cause: org.apache.ibatis.type.TypeException: Could not resolve type alias 'Blog'.  Cause: java.lang.ClassNotFoundException: Cannot find class: Blog
	at org.apache.ibatis.builder.BaseBuilder.resolveClass(BaseBuilder.java:118) ~[mybatis-3.5.3.jar:3.5.3]
	at org.apache.ibatis.builder.xml.XMLMapperBuilder.resultMapElement(XMLMapperBuilder.java:262) ~[mybatis-3.5.3.jar:3.5.3]
	at org.apache.ibatis.builder.xml.XMLMapperBuilder.resultMapElement(XMLMapperBuilder.java:253) ~[mybatis-3.5.3.jar:3.5.3]
	at org.apache.ibatis.builder.xml.XMLMapperBuilder.resultMapElements(XMLMapperBuilder.java:245) ~[mybatis-3.5.3.jar:3.5.3]
	at org.apache.ibatis.builder.xml.XMLMapperBuilder.configurationElement(XMLMapperBuilder.java:118) ~[mybatis-3.5.3.jar:3.5.3]
	... 40 common frames omitted
Caused by: org.apache.ibatis.type.TypeException: Could not resolve type alias 'Blog'.  Cause: java.lang.ClassNotFoundException: Cannot find class: Blog
	at org.apache.ibatis.type.TypeAliasRegistry.resolveAlias(TypeAliasRegistry.java:120) ~[mybatis-3.5.3.jar:3.5.3]
	at org.apache.ibatis.builder.BaseBuilder.resolveAlias(BaseBuilder.java:149) ~[mybatis-3.5.3.jar:3.5.3]
	at org.apache.ibatis.builder.BaseBuilder.resolveClass(BaseBuilder.java:116) ~[mybatis-3.5.3.jar:3.5.3]
	... 44 common frames omitted
Caused by: java.lang.ClassNotFoundException: Cannot find class: Blog
	at org.apache.ibatis.io.ClassLoaderWrapper.classForName(ClassLoaderWrapper.java:200) ~[mybatis-3.5.3.jar:3.5.3]
	at org.apache.ibatis.io.ClassLoaderWrapper.classForName(ClassLoaderWrapper.java:89) ~[mybatis-3.5.3.jar:3.5.3]
	at org.apache.ibatis.io.Resources.classForName(Resources.java:261) ~[mybatis-3.5.3.jar:3.5.3]
	at org.apache.ibatis.type.TypeAliasRegistry.resolveAlias(TypeAliasRegistry.java:116) ~[mybatis-3.5.3.jar:3.5.3]
	... 46 common frames omitted

2021-03-28 00:16:19.766  INFO 17724 --- [restartedMain] com.blog.BlogApplication                 : Starting BlogApplication on LAPTOP-09CQOJM8 with PID 17724 (D:\work_blog\blog-master\blog\target\classes started by hp in D:\work_blog\blog-master\blog)
2021-03-28 00:16:19.766  INFO 17724 --- [restartedMain] com.blog.BlogApplication                 : The following profiles are active: pro
2021-03-28 00:16:19.995  WARN 17724 --- [restartedMain] o.m.s.mapper.ClassPathMapperScanner      : No MyBatis mapper was found in '[com.blog]' package. Please check your configuration.
2021-03-28 00:16:20.035  WARN 17724 --- [restartedMain] org.apache.tomcat.util.modeler.Registry  : The MBean registry cannot be disabled because it has already been initialised
2021-03-28 00:16:20.348  WARN 17724 --- [restartedMain] ConfigServletWebServerApplicationContext : Exception encountered during context initialization - cancelling refresh attempt: org.springframework.beans.factory.BeanCreationException: Error creating bean with name 'sqlSessionFactory' defined in class path resource [org/mybatis/spring/boot/autoconfigure/MybatisAutoConfiguration.class]: Bean instantiation via factory method failed; nested exception is org.springframework.beans.BeanInstantiationException: Failed to instantiate [org.apache.ibatis.session.SqlSessionFactory]: Factory method 'sqlSessionFactory' threw exception; nested exception is org.springframework.core.NestedIOException: Failed to parse mapping resource: 'file [D:\work_blog\blog-master\blog\target\classes\mapper\BlogDao.xml]'; nested exception is org.apache.ibatis.builder.BuilderException: Error parsing Mapper XML. The XML location is 'file [D:\work_blog\blog-master\blog\target\classes\mapper\BlogDao.xml]'. Cause: org.apache.ibatis.builder.BuilderException: Error resolving class. Cause: org.apache.ibatis.type.TypeException: Could not resolve type alias 'Blog'.  Cause: java.lang.ClassNotFoundException: Cannot find class: Blog
2021-03-28 00:16:20.357 ERROR 17724 --- [restartedMain] o.s.boot.SpringApplication               : Application run failed

org.springframework.beans.factory.BeanCreationException: Error creating bean with name 'sqlSessionFactory' defined in class path resource [org/mybatis/spring/boot/autoconfigure/MybatisAutoConfiguration.class]: Bean instantiation via factory method failed; nested exception is org.springframework.beans.BeanInstantiationException: Failed to instantiate [org.apache.ibatis.session.SqlSessionFactory]: Factory method 'sqlSessionFactory' threw exception; nested exception is org.springframework.core.NestedIOException: Failed to parse mapping resource: 'file [D:\work_blog\blog-master\blog\target\classes\mapper\BlogDao.xml]'; nested exception is org.apache.ibatis.builder.BuilderException: Error parsing Mapper XML. The XML location is 'file [D:\work_blog\blog-master\blog\target\classes\mapper\BlogDao.xml]'. Cause: org.apache.ibatis.builder.BuilderException: Error resolving class. Cause: org.apache.ibatis.type.TypeException: Could not resolve type alias 'Blog'.  Cause: java.lang.ClassNotFoundException: Cannot find class: Blog
	at org.springframework.beans.factory.support.ConstructorResolver.instantiate(ConstructorResolver.java:645) ~[spring-beans-5.2.1.RELEASE.jar:5.2.1.RELEASE]
	at org.springframework.beans.factory.support.ConstructorResolver.instantiateUsingFactoryMethod(ConstructorResolver.java:625) ~[spring-beans-5.2.1.RELEASE.jar:5.2.1.RELEASE]
	at org.springframework.beans.factory.support.AbstractAutowireCapableBeanFactory.instantiateUsingFactoryMethod(AbstractAutowireCapableBeanFactory.java:1338) ~[spring-beans-5.2.1.RELEASE.jar:5.2.1.RELEASE]
	at org.springframework.beans.factory.support.AbstractAutowireCapableBeanFactory.createBeanInstance(AbstractAutowireCapableBeanFactory.java:1177) ~[spring-beans-5.2.1.RELEASE.jar:5.2.1.RELEASE]
	at org.springframework.beans.factory.support.AbstractAutowireCapableBeanFactory.doCreateBean(AbstractAutowireCapableBeanFactory.java:557) ~[spring-beans-5.2.1.RELEASE.jar:5.2.1.RELEASE]
	at org.springframework.beans.factory.support.AbstractAutowireCapableBeanFactory.createBean(AbstractAutowireCapableBeanFactory.java:517) ~[spring-beans-5.2.1.RELEASE.jar:5.2.1.RELEASE]
	at org.springframework.beans.factory.support.AbstractBeanFactory.lambda$doGetBean$0(AbstractBeanFactory.java:323) ~[spring-beans-5.2.1.RELEASE.jar:5.2.1.RELEASE]
	at org.springframework.beans.factory.support.DefaultSingletonBeanRegistry.getSingleton(DefaultSingletonBeanRegistry.java:222) ~[spring-beans-5.2.1.RELEASE.jar:5.2.1.RELEASE]
	at org.springframework.beans.factory.support.AbstractBeanFactory.doGetBean(AbstractBeanFactory.java:321) ~[spring-beans-5.2.1.RELEASE.jar:5.2.1.RELEASE]
	at org.springframework.beans.factory.support.AbstractBeanFactory.getBean(AbstractBeanFactory.java:202) ~[spring-beans-5.2.1.RELEASE.jar:5.2.1.RELEASE]
	at org.springframework.beans.factory.support.DefaultListableBeanFactory.preInstantiateSingletons(DefaultListableBeanFactory.java:879) ~[spring-beans-5.2.1.RELEASE.jar:5.2.1.RELEASE]
	at org.springframework.context.support.AbstractApplicationContext.finishBeanFactoryInitialization(AbstractApplicationContext.java:878) ~[spring-context-5.2.1.RELEASE.jar:5.2.1.RELEASE]
	at org.springframework.context.support.AbstractApplicationContext.refresh(AbstractApplicationContext.java:550) ~[spring-context-5.2.1.RELEASE.jar:5.2.1.RELEASE]
	at org.springframework.boot.web.servlet.context.ServletWebServerApplicationContext.refresh(ServletWebServerApplicationContext.java:141) ~[spring-boot-2.2.1.RELEASE.jar:2.2.1.RELEASE]
	at org.springframework.boot.SpringApplication.refresh(SpringApplication.java:747) [spring-boot-2.2.1.RELEASE.jar:2.2.1.RELEASE]
	at org.springframework.boot.SpringApplication.refreshContext(SpringApplication.java:397) [spring-boot-2.2.1.RELEASE.jar:2.2.1.RELEASE]
	at org.springframework.boot.SpringApplication.run(SpringApplication.java:315) [spring-boot-2.2.1.RELEASE.jar:2.2.1.RELEASE]
	at org.springframework.boot.SpringApplication.run(SpringApplication.java:1226) [spring-boot-2.2.1.RELEASE.jar:2.2.1.RELEASE]
	at org.springframework.boot.SpringApplication.run(SpringApplication.java:1215) [spring-boot-2.2.1.RELEASE.jar:2.2.1.RELEASE]
	at com.blog.BlogApplication.main(BlogApplication.java:10) [classes/:na]
	at sun.reflect.NativeMethodAccessorImpl.invoke0(Native Method) ~[na:1.8.0_201]
	at sun.reflect.NativeMethodAccessorImpl.invoke(NativeMethodAccessorImpl.java:62) ~[na:1.8.0_201]
	at sun.reflect.DelegatingMethodAccessorImpl.invoke(DelegatingMethodAccessorImpl.java:43) ~[na:1.8.0_201]
	at java.lang.reflect.Method.invoke(Method.java:498) ~[na:1.8.0_201]
	at org.springframework.boot.devtools.restart.RestartLauncher.run(RestartLauncher.java:49) [spring-boot-devtools-2.2.1.RELEASE.jar:2.2.1.RELEASE]
Caused by: org.springframework.beans.BeanInstantiationException: Failed to instantiate [org.apache.ibatis.session.SqlSessionFactory]: Factory method 'sqlSessionFactory' threw exception; nested exception is org.springframework.core.NestedIOException: Failed to parse mapping resource: 'file [D:\work_blog\blog-master\blog\target\classes\mapper\BlogDao.xml]'; nested exception is org.apache.ibatis.builder.BuilderException: Error parsing Mapper XML. The XML location is 'file [D:\work_blog\blog-master\blog\target\classes\mapper\BlogDao.xml]'. Cause: org.apache.ibatis.builder.BuilderException: Error resolving class. Cause: org.apache.ibatis.type.TypeException: Could not resolve type alias 'Blog'.  Cause: java.lang.ClassNotFoundException: Cannot find class: Blog
	at org.springframework.beans.factory.support.SimpleInstantiationStrategy.instantiate(SimpleInstantiationStrategy.java:185) ~[spring-beans-5.2.1.RELEASE.jar:5.2.1.RELEASE]
	at org.springframework.beans.factory.support.ConstructorResolver.instantiate(ConstructorResolver.java:640) ~[spring-beans-5.2.1.RELEASE.jar:5.2.1.RELEASE]
	... 24 common frames omitted
Caused by: org.springframework.core.NestedIOException: Failed to parse mapping resource: 'file [D:\work_blog\blog-master\blog\target\classes\mapper\BlogDao.xml]'; nested exception is org.apache.ibatis.builder.BuilderException: Error parsing Mapper XML. The XML location is 'file [D:\work_blog\blog-master\blog\target\classes\mapper\BlogDao.xml]'. Cause: org.apache.ibatis.builder.BuilderException: Error resolving class. Cause: org.apache.ibatis.type.TypeException: Could not resolve type alias 'Blog'.  Cause: java.lang.ClassNotFoundException: Cannot find class: Blog
	at org.mybatis.spring.SqlSessionFactoryBean.buildSqlSessionFactory(SqlSessionFactoryBean.java:595) ~[mybatis-spring-2.0.3.jar:2.0.3]
	at org.mybatis.spring.SqlSessionFactoryBean.afterPropertiesSet(SqlSessionFactoryBean.java:475) ~[mybatis-spring-2.0.3.jar:2.0.3]
	at org.mybatis.spring.SqlSessionFactoryBean.getObject(SqlSessionFactoryBean.java:615) ~[mybatis-spring-2.0.3.jar:2.0.3]
	at org.mybatis.spring.boot.autoconfigure.MybatisAutoConfiguration.sqlSessionFactory(MybatisAutoConfiguration.java:180) ~[mybatis-spring-boot-autoconfigure-2.1.1.jar:2.1.1]
	at org.mybatis.spring.boot.autoconfigure.MybatisAutoConfiguration$$EnhancerBySpringCGLIB$$b27d0ad5.CGLIB$sqlSessionFactory$1(<generated>) ~[mybatis-spring-boot-autoconfigure-2.1.1.jar:2.1.1]
	at org.mybatis.spring.boot.autoconfigure.MybatisAutoConfiguration$$EnhancerBySpringCGLIB$$b27d0ad5$$FastClassBySpringCGLIB$$4b88f90d.invoke(<generated>) ~[mybatis-spring-boot-autoconfigure-2.1.1.jar:2.1.1]
	at org.springframework.cglib.proxy.MethodProxy.invokeSuper(MethodProxy.java:244) ~[spring-core-5.2.1.RELEASE.jar:5.2.1.RELEASE]
	at org.springframework.context.annotation.ConfigurationClassEnhancer$BeanMethodInterceptor.intercept(ConfigurationClassEnhancer.java:363) ~[spring-context-5.2.1.RELEASE.jar:5.2.1.RELEASE]
	at org.mybatis.spring.boot.autoconfigure.MybatisAutoConfiguration$$EnhancerBySpringCGLIB$$b27d0ad5.sqlSessionFactory(<generated>) ~[mybatis-spring-boot-autoconfigure-2.1.1.jar:2.1.1]
	at sun.reflect.NativeMethodAccessorImpl.invoke0(Native Method) ~[na:1.8.0_201]
	at sun.reflect.NativeMethodAccessorImpl.invoke(NativeMethodAccessorImpl.java:62) ~[na:1.8.0_201]
	at sun.reflect.DelegatingMethodAccessorImpl.invoke(DelegatingMethodAccessorImpl.java:43) ~[na:1.8.0_201]
	at java.lang.reflect.Method.invoke(Method.java:498) ~[na:1.8.0_201]
	at org.springframework.beans.factory.support.SimpleInstantiationStrategy.instantiate(SimpleInstantiationStrategy.java:154) ~[spring-beans-5.2.1.RELEASE.jar:5.2.1.RELEASE]
	... 25 common frames omitted
Caused by: org.apache.ibatis.builder.BuilderException: Error parsing Mapper XML. The XML location is 'file [D:\work_blog\blog-master\blog\target\classes\mapper\BlogDao.xml]'. Cause: org.apache.ibatis.builder.BuilderException: Error resolving class. Cause: org.apache.ibatis.type.TypeException: Could not resolve type alias 'Blog'.  Cause: java.lang.ClassNotFoundException: Cannot find class: Blog
	at org.apache.ibatis.builder.xml.XMLMapperBuilder.configurationElement(XMLMapperBuilder.java:122) ~[mybatis-3.5.3.jar:3.5.3]
	at org.apache.ibatis.builder.xml.XMLMapperBuilder.parse(XMLMapperBuilder.java:94) ~[mybatis-3.5.3.jar:3.5.3]
	at org.mybatis.spring.SqlSessionFactoryBean.buildSqlSessionFactory(SqlSessionFactoryBean.java:593) ~[mybatis-spring-2.0.3.jar:2.0.3]
	... 38 common frames omitted
Caused by: org.apache.ibatis.builder.BuilderException: Error resolving class. Cause: org.apache.ibatis.type.TypeException: Could not resolve type alias 'Blog'.  Cause: java.lang.ClassNotFoundException: Cannot find class: Blog
	at org.apache.ibatis.builder.BaseBuilder.resolveClass(BaseBuilder.java:118) ~[mybatis-3.5.3.jar:3.5.3]
	at org.apache.ibatis.builder.xml.XMLMapperBuilder.resultMapElement(XMLMapperBuilder.java:262) ~[mybatis-3.5.3.jar:3.5.3]
	at org.apache.ibatis.builder.xml.XMLMapperBuilder.resultMapElement(XMLMapperBuilder.java:253) ~[mybatis-3.5.3.jar:3.5.3]
	at org.apache.ibatis.builder.xml.XMLMapperBuilder.resultMapElements(XMLMapperBuilder.java:245) ~[mybatis-3.5.3.jar:3.5.3]
	at org.apache.ibatis.builder.xml.XMLMapperBuilder.configurationElement(XMLMapperBuilder.java:118) ~[mybatis-3.5.3.jar:3.5.3]
	... 40 common frames omitted
Caused by: org.apache.ibatis.type.TypeException: Could not resolve type alias 'Blog'.  Cause: java.lang.ClassNotFoundException: Cannot find class: Blog
	at org.apache.ibatis.type.TypeAliasRegistry.resolveAlias(TypeAliasRegistry.java:120) ~[mybatis-3.5.3.jar:3.5.3]
	at org.apache.ibatis.builder.BaseBuilder.resolveAlias(BaseBuilder.java:149) ~[mybatis-3.5.3.jar:3.5.3]
	at org.apache.ibatis.builder.BaseBuilder.resolveClass(BaseBuilder.java:116) ~[mybatis-3.5.3.jar:3.5.3]
	... 44 common frames omitted
Caused by: java.lang.ClassNotFoundException: Cannot find class: Blog
	at org.apache.ibatis.io.ClassLoaderWrapper.classForName(ClassLoaderWrapper.java:200) ~[mybatis-3.5.3.jar:3.5.3]
	at org.apache.ibatis.io.ClassLoaderWrapper.classForName(ClassLoaderWrapper.java:89) ~[mybatis-3.5.3.jar:3.5.3]
	at org.apache.ibatis.io.Resources.classForName(Resources.java:261) ~[mybatis-3.5.3.jar:3.5.3]
	at org.apache.ibatis.type.TypeAliasRegistry.resolveAlias(TypeAliasRegistry.java:116) ~[mybatis-3.5.3.jar:3.5.3]
	... 46 common frames omitted

2021-03-28 00:16:23.499  INFO 17724 --- [restartedMain] com.blog.BlogApplication                 : Starting BlogApplication on LAPTOP-09CQOJM8 with PID 17724 (D:\work_blog\blog-master\blog\target\classes started by hp in D:\work_blog\blog-master\blog)
2021-03-28 00:16:23.500  INFO 17724 --- [restartedMain] com.blog.BlogApplication                 : The following profiles are active: pro
2021-03-28 00:16:24.320  WARN 17724 --- [restartedMain] org.apache.tomcat.util.modeler.Registry  : The MBean registry cannot be disabled because it has already been initialised
2021-03-28 00:16:26.326  INFO 17724 --- [restartedMain] com.blog.BlogApplication                 : Started BlogApplication in 2.865 seconds (JVM running for 1530.57)
2021-03-28 00:16:27.778  INFO 15940 --- [main] com.blog.BlogApplicationTests            : Starting BlogApplicationTests on LAPTOP-09CQOJM8 with PID 15940 (started by hp in D:\work_blog\blog-master\blog)
2021-03-28 00:16:27.781  INFO 15940 --- [main] com.blog.BlogApplicationTests            : The following profiles are active: pro
2021-03-28 00:16:32.168  INFO 15940 --- [main] com.blog.BlogApplicationTests            : Started BlogApplicationTests in 4.847 seconds (JVM running for 6.271)
2021-03-28 00:17:13.472  INFO 17724 --- [http-nio-8080-exec-3] com.blog.aspect.LogAspect                : Request: LogAspect.RequestLog(url=http://localhost:8080/, ip=0:0:0:0:0:0:0:1, classMethod=com.blog.controller.IndexController.toIndex, args=[1, {}])
2021-03-28 00:17:14.208  INFO 17724 --- [http-nio-8080-exec-3] com.blog.aspect.LogAspect                : ------------doAfter------------
2021-03-28 00:17:14.209  INFO 17724 --- [http-nio-8080-exec-3] com.blog.aspect.LogAspect                : Result: index
2021-03-28 00:17:17.413  INFO 17724 --- [http-nio-8080-exec-4] com.blog.aspect.LogAspect                : Request: LogAspect.RequestLog(url=http://localhost:8080/blog/12, ip=0:0:0:0:0:0:0:1, classMethod=com.blog.controller.IndexController.toLogin, args=[12, {}])
2021-03-28 00:17:17.592  INFO 17724 --- [http-nio-8080-exec-4] com.blog.aspect.LogAspect                : ------------doAfter------------
2021-03-28 00:17:17.592  INFO 17724 --- [http-nio-8080-exec-4] com.blog.aspect.LogAspect                : Result: blog
2021-03-28 00:17:20.595  INFO 17724 --- [http-nio-8080-exec-8] com.blog.aspect.LogAspect                : Request: LogAspect.RequestLog(url=http://localhost:8080/, ip=0:0:0:0:0:0:0:1, classMethod=com.blog.controller.IndexController.toIndex, args=[1, {}])
2021-03-28 00:17:20.975  INFO 17724 --- [http-nio-8080-exec-8] com.blog.aspect.LogAspect                : ------------doAfter------------
2021-03-28 00:17:20.975  INFO 17724 --- [http-nio-8080-exec-8] com.blog.aspect.LogAspect                : Result: index
2021-03-28 00:17:22.262  INFO 17724 --- [http-nio-8080-exec-2] com.blog.aspect.LogAspect                : Request: LogAspect.RequestLog(url=http://localhost:8080/about, ip=0:0:0:0:0:0:0:1, classMethod=com.blog.controller.AboutShowController.about, args=[])
2021-03-28 00:17:22.269  INFO 17724 --- [http-nio-8080-exec-2] com.blog.aspect.LogAspect                : ------------doAfter------------
2021-03-28 00:17:22.269  INFO 17724 --- [http-nio-8080-exec-2] com.blog.aspect.LogAspect                : Result: about
2021-03-28 00:17:23.403  INFO 17724 --- [http-nio-8080-exec-7] com.blog.aspect.LogAspect                : Request: LogAspect.RequestLog(url=http://localhost:8080/, ip=0:0:0:0:0:0:0:1, classMethod=com.blog.controller.IndexController.toIndex, args=[1, {}])
2021-03-28 00:17:23.707  INFO 17724 --- [http-nio-8080-exec-7] com.blog.aspect.LogAspect                : ------------doAfter------------
2021-03-28 00:17:23.707  INFO 17724 --- [http-nio-8080-exec-7] com.blog.aspect.LogAspect                : Result: index
2021-03-28 00:17:25.737  INFO 17724 --- [http-nio-8080-exec-5] com.blog.aspect.LogAspect                : Request: LogAspect.RequestLog(url=http://localhost:8080/types/5, ip=0:0:0:0:0:0:0:1, classMethod=com.blog.controller.TypeShowController.types, args=[5, 1, {}])
2021-03-28 00:17:25.914  INFO 17724 --- [http-nio-8080-exec-5] com.blog.aspect.LogAspect                : ------------doAfter------------
2021-03-28 00:17:25.914  INFO 17724 --- [http-nio-8080-exec-5] com.blog.aspect.LogAspect                : Result: types
2021-03-28 00:17:27.420  INFO 17724 --- [http-nio-8080-exec-2] com.blog.aspect.LogAspect                : Request: LogAspect.RequestLog(url=http://localhost:8080/, ip=0:0:0:0:0:0:0:1, classMethod=com.blog.controller.IndexController.toIndex, args=[1, {}])
2021-03-28 00:17:27.673  INFO 17724 --- [http-nio-8080-exec-2] com.blog.aspect.LogAspect                : ------------doAfter------------
2021-03-28 00:17:27.674  INFO 17724 --- [http-nio-8080-exec-2] com.blog.aspect.LogAspect                : Result: index
2021-03-28 00:45:27.933  INFO 21724 --- [main] com.blog.BlogApplicationTests            : Starting BlogApplicationTests on LAPTOP-09CQOJM8 with PID 21724 (started by hp in D:\work_blog\blog-master\blog)
2021-03-28 00:45:27.934  INFO 21724 --- [main] com.blog.BlogApplicationTests            : The following profiles are active: pro
2021-03-28 00:45:31.042  INFO 21724 --- [main] com.blog.BlogApplicationTests            : Started BlogApplicationTests in 3.477 seconds (JVM running for 4.415)
2021-03-28 01:09:24.981  INFO 15756 --- [restartedMain] com.blog.BlogApplication                 : Starting BlogApplication on LAPTOP-09CQOJM8 with PID 15756 (D:\work_blog\blog-master\blog\target\classes started by hp in D:\work_blog\blog-master\blog)
2021-03-28 01:09:24.985  INFO 15756 --- [restartedMain] com.blog.BlogApplication                 : The following profiles are active: pro
2021-03-28 01:09:25.283  WARN 15756 --- [restartedMain] s.c.a.AnnotationConfigApplicationContext : Exception encountered during context initialization - cancelling refresh attempt: org.springframework.beans.factory.BeanDefinitionStoreException: Failed to parse configuration class [com.blog.BlogApplication]; nested exception is java.lang.IllegalStateException: Failed to introspect annotated methods on class org.springframework.boot.web.servlet.support.SpringBootServletInitializer
2021-03-28 01:09:25.294 ERROR 15756 --- [restartedMain] o.s.boot.SpringApplication               : Application run failed

org.springframework.beans.factory.BeanDefinitionStoreException: Failed to parse configuration class [com.blog.BlogApplication]; nested exception is java.lang.IllegalStateException: Failed to introspect annotated methods on class org.springframework.boot.web.servlet.support.SpringBootServletInitializer
	at org.springframework.context.annotation.ConfigurationClassParser.parse(ConfigurationClassParser.java:184) ~[spring-context-5.2.1.RELEASE.jar:5.2.1.RELEASE]
	at org.springframework.context.annotation.ConfigurationClassPostProcessor.processConfigBeanDefinitions(ConfigurationClassPostProcessor.java:325) ~[spring-context-5.2.1.RELEASE.jar:5.2.1.RELEASE]
	at org.springframework.context.annotation.ConfigurationClassPostProcessor.postProcessBeanDefinitionRegistry(ConfigurationClassPostProcessor.java:242) ~[spring-context-5.2.1.RELEASE.jar:5.2.1.RELEASE]
	at org.springframework.context.support.PostProcessorRegistrationDelegate.invokeBeanDefinitionRegistryPostProcessors(PostProcessorRegistrationDelegate.java:275) ~[spring-context-5.2.1.RELEASE.jar:5.2.1.RELEASE]
	at org.springframework.context.support.PostProcessorRegistrationDelegate.invokeBeanFactoryPostProcessors(PostProcessorRegistrationDelegate.java:95) ~[spring-context-5.2.1.RELEASE.jar:5.2.1.RELEASE]
	at org.springframework.context.support.AbstractApplicationContext.invokeBeanFactoryPostProcessors(AbstractApplicationContext.java:706) ~[spring-context-5.2.1.RELEASE.jar:5.2.1.RELEASE]
	at org.springframework.context.support.AbstractApplicationContext.refresh(AbstractApplicationContext.java:532) ~[spring-context-5.2.1.RELEASE.jar:5.2.1.RELEASE]
	at org.springframework.boot.SpringApplication.refresh(SpringApplication.java:747) [spring-boot-2.2.1.RELEASE.jar:2.2.1.RELEASE]
	at org.springframework.boot.SpringApplication.refreshContext(SpringApplication.java:397) [spring-boot-2.2.1.RELEASE.jar:2.2.1.RELEASE]
	at org.springframework.boot.SpringApplication.run(SpringApplication.java:315) [spring-boot-2.2.1.RELEASE.jar:2.2.1.RELEASE]
	at org.springframework.boot.SpringApplication.run(SpringApplication.java:1226) [spring-boot-2.2.1.RELEASE.jar:2.2.1.RELEASE]
	at org.springframework.boot.SpringApplication.run(SpringApplication.java:1215) [spring-boot-2.2.1.RELEASE.jar:2.2.1.RELEASE]
	at com.blog.BlogApplication.main(BlogApplication.java:17) [classes/:na]
	at sun.reflect.NativeMethodAccessorImpl.invoke0(Native Method) ~[na:1.8.0_201]
	at sun.reflect.NativeMethodAccessorImpl.invoke(NativeMethodAccessorImpl.java:62) ~[na:1.8.0_201]
	at sun.reflect.DelegatingMethodAccessorImpl.invoke(DelegatingMethodAccessorImpl.java:43) ~[na:1.8.0_201]
	at java.lang.reflect.Method.invoke(Method.java:498) ~[na:1.8.0_201]
	at org.springframework.boot.devtools.restart.RestartLauncher.run(RestartLauncher.java:49) [spring-boot-devtools-2.2.1.RELEASE.jar:2.2.1.RELEASE]
Caused by: java.lang.IllegalStateException: Failed to introspect annotated methods on class org.springframework.boot.web.servlet.support.SpringBootServletInitializer
	at org.springframework.core.type.StandardAnnotationMetadata.getAnnotatedMethods(StandardAnnotationMetadata.java:165) ~[spring-core-5.2.1.RELEASE.jar:5.2.1.RELEASE]
	at org.springframework.context.annotation.ConfigurationClassParser.retrieveBeanMethodMetadata(ConfigurationClassParser.java:395) ~[spring-context-5.2.1.RELEASE.jar:5.2.1.RELEASE]
	at org.springframework.context.annotation.ConfigurationClassParser.doProcessConfigurationClass(ConfigurationClassParser.java:320) ~[spring-context-5.2.1.RELEASE.jar:5.2.1.RELEASE]
	at org.springframework.context.annotation.ConfigurationClassParser.processConfigurationClass(ConfigurationClassParser.java:245) ~[spring-context-5.2.1.RELEASE.jar:5.2.1.RELEASE]
	at org.springframework.context.annotation.ConfigurationClassParser.parse(ConfigurationClassParser.java:202) ~[spring-context-5.2.1.RELEASE.jar:5.2.1.RELEASE]
	at org.springframework.context.annotation.ConfigurationClassParser.parse(ConfigurationClassParser.java:170) ~[spring-context-5.2.1.RELEASE.jar:5.2.1.RELEASE]
	... 17 common frames omitted
Caused by: java.lang.IllegalStateException: Failed to introspect Class [org.springframework.boot.web.servlet.support.SpringBootServletInitializer] from ClassLoader [sun.misc.Launcher$AppClassLoader@18b4aac2]
	at org.springframework.util.ReflectionUtils.getDeclaredMethods(ReflectionUtils.java:477) ~[spring-core-5.2.1.RELEASE.jar:5.2.1.RELEASE]
	at org.springframework.util.ReflectionUtils.getDeclaredMethods(ReflectionUtils.java:451) ~[spring-core-5.2.1.RELEASE.jar:5.2.1.RELEASE]
	at org.springframework.core.type.StandardAnnotationMetadata.getAnnotatedMethods(StandardAnnotationMetadata.java:154) ~[spring-core-5.2.1.RELEASE.jar:5.2.1.RELEASE]
	... 22 common frames omitted
Caused by: java.lang.NoClassDefFoundError: javax/servlet/ServletContext
	at java.lang.Class.getDeclaredMethods0(Native Method) ~[na:1.8.0_201]
	at java.lang.Class.privateGetDeclaredMethods(Class.java:2701) ~[na:1.8.0_201]
	at java.lang.Class.getDeclaredMethods(Class.java:1975) ~[na:1.8.0_201]
	at org.springframework.util.ReflectionUtils.getDeclaredMethods(ReflectionUtils.java:459) ~[spring-core-5.2.1.RELEASE.jar:5.2.1.RELEASE]
	... 24 common frames omitted
Caused by: java.lang.ClassNotFoundException: javax.servlet.ServletContext
	at java.net.URLClassLoader.findClass(URLClassLoader.java:382) ~[na:1.8.0_201]
	at java.lang.ClassLoader.loadClass(ClassLoader.java:424) ~[na:1.8.0_201]
	at sun.misc.Launcher$AppClassLoader.loadClass(Launcher.java:349) ~[na:1.8.0_201]
	at java.lang.ClassLoader.loadClass(ClassLoader.java:357) ~[na:1.8.0_201]
	... 28 common frames omitted

2021-03-28 01:10:11.729  INFO 11244 --- [restartedMain] com.blog.BlogApplication                 : Starting BlogApplication on LAPTOP-09CQOJM8 with PID 11244 (D:\work_blog\blog-master\blog\target\classes started by hp in D:\work_blog\blog-master\blog)
2021-03-28 01:10:11.732  INFO 11244 --- [restartedMain] com.blog.BlogApplication                 : The following profiles are active: pro
2021-03-28 01:10:15.956  INFO 11244 --- [restartedMain] com.blog.BlogApplication                 : Started BlogApplication in 4.748 seconds (JVM running for 5.381)
2021-03-28 01:10:56.619  INFO 11244 --- [http-nio-8080-exec-1] com.blog.aspect.LogAspect                : Request: LogAspect.RequestLog(url=http://localhost:8080/, ip=0:0:0:0:0:0:0:1, classMethod=com.blog.controller.IndexController.toIndex, args=[1, {}])
2021-03-28 01:10:58.566  INFO 11244 --- [http-nio-8080-exec-1] com.blog.aspect.LogAspect                : ------------doAfter------------
2021-03-28 01:10:58.566  INFO 11244 --- [http-nio-8080-exec-1] com.blog.aspect.LogAspect                : Result: index
2021-03-28 01:11:00.999  INFO 11244 --- [http-nio-8080-exec-3] com.blog.aspect.LogAspect                : Request: LogAspect.RequestLog(url=http://localhost:8080/blog/12, ip=0:0:0:0:0:0:0:1, classMethod=com.blog.controller.IndexController.toLogin, args=[12, {}])
2021-03-28 01:11:01.171  INFO 11244 --- [http-nio-8080-exec-3] com.blog.aspect.LogAspect                : ------------doAfter------------
2021-03-28 01:11:01.171  INFO 11244 --- [http-nio-8080-exec-3] com.blog.aspect.LogAspect                : Result: blog
2021-03-28 01:21:35.735  INFO 11244 --- [http-nio-8080-exec-7] com.blog.aspect.LogAspect                : Request: LogAspect.RequestLog(url=http://localhost:8080/, ip=0:0:0:0:0:0:0:1, classMethod=com.blog.controller.IndexController.toIndex, args=[1, {}])
2021-03-28 01:21:37.269  INFO 11244 --- [http-nio-8080-exec-6] com.blog.aspect.LogAspect                : Request: LogAspect.RequestLog(url=http://localhost:8080/blog/6, ip=0:0:0:0:0:0:0:1, classMethod=com.blog.controller.IndexController.toLogin, args=[6, {}])
2021-03-28 01:21:40.745  WARN 11244 --- [http-nio-8080-exec-7] com.zaxxer.hikari.pool.PoolBase          : HikariPool-1 - Failed to validate connection com.mysql.cj.jdbc.ConnectionImpl@f665abf (No operations allowed after connection closed.). Possibly consider using a shorter maxLifetime value.
2021-03-28 01:21:42.273  WARN 11244 --- [http-nio-8080-exec-6] com.zaxxer.hikari.pool.PoolBase          : HikariPool-1 - Failed to validate connection com.mysql.cj.jdbc.ConnectionImpl@78981579 (No operations allowed after connection closed.). Possibly consider using a shorter maxLifetime value.
2021-03-28 01:21:44.082  INFO 11244 --- [http-nio-8080-exec-4] com.blog.aspect.LogAspect                : Request: LogAspect.RequestLog(url=http://localhost:8080/types/3, ip=0:0:0:0:0:0:0:1, classMethod=com.blog.controller.TypeShowController.types, args=[3, 1, {}])
2021-03-28 01:21:45.748  WARN 11244 --- [http-nio-8080-exec-7] com.zaxxer.hikari.pool.PoolBase          : HikariPool-1 - Failed to validate connection com.mysql.cj.jdbc.ConnectionImpl@78a8f520 (No operations allowed after connection closed.). Possibly consider using a shorter maxLifetime value.
2021-03-28 01:21:46.493  INFO 11244 --- [http-nio-8080-exec-5] com.blog.aspect.LogAspect                : Request: LogAspect.RequestLog(url=http://localhost:8080/types/-1, ip=0:0:0:0:0:0:0:1, classMethod=com.blog.controller.TypeShowController.types, args=[-1, 1, {}])
2021-03-28 01:21:47.277  WARN 11244 --- [http-nio-8080-exec-6] com.zaxxer.hikari.pool.PoolBase          : HikariPool-1 - Failed to validate connection com.mysql.cj.jdbc.ConnectionImpl@465353ab (No operations allowed after connection closed.). Possibly consider using a shorter maxLifetime value.
2021-03-28 01:21:47.771  INFO 11244 --- [http-nio-8080-exec-2] com.blog.aspect.LogAspect                : Request: LogAspect.RequestLog(url=http://localhost:8080/about, ip=0:0:0:0:0:0:0:1, classMethod=com.blog.controller.AboutShowController.about, args=[])
2021-03-28 01:21:47.776  INFO 11244 --- [http-nio-8080-exec-2] com.blog.aspect.LogAspect                : ------------doAfter------------
2021-03-28 01:21:47.778  INFO 11244 --- [http-nio-8080-exec-2] com.blog.aspect.LogAspect                : Result: about
2021-03-28 01:21:49.093  WARN 11244 --- [http-nio-8080-exec-4] com.zaxxer.hikari.pool.PoolBase          : HikariPool-1 - Failed to validate connection com.mysql.cj.jdbc.ConnectionImpl@7c79849c (No operations allowed after connection closed.). Possibly consider using a shorter maxLifetime value.
2021-03-28 01:21:49.177  INFO 11244 --- [http-nio-8080-exec-1] com.blog.aspect.LogAspect                : Request: LogAspect.RequestLog(url=http://localhost:8080/types/-1, ip=0:0:0:0:0:0:0:1, classMethod=com.blog.controller.TypeShowController.types, args=[-1, 1, {}])
2021-03-28 01:21:50.751  WARN 11244 --- [http-nio-8080-exec-7] com.zaxxer.hikari.pool.PoolBase          : HikariPool-1 - Failed to validate connection com.mysql.cj.jdbc.ConnectionImpl@45a6fb28 (No operations allowed after connection closed.). Possibly consider using a shorter maxLifetime value.
2021-03-28 01:21:50.964  INFO 11244 --- [http-nio-8080-exec-8] com.blog.aspect.LogAspect                : Request: LogAspect.RequestLog(url=http://localhost:8080/, ip=0:0:0:0:0:0:0:1, classMethod=com.blog.controller.IndexController.toIndex, args=[1, {}])
2021-03-28 01:21:50.987  INFO 11244 --- [http-nio-8080-exec-7] com.blog.aspect.LogAspect                : ------------doAfter------------
2021-03-28 01:21:50.988  INFO 11244 --- [http-nio-8080-exec-7] com.blog.aspect.LogAspect                : Result: index
2021-03-28 01:21:51.201  INFO 11244 --- [http-nio-8080-exec-8] com.blog.aspect.LogAspect                : ------------doAfter------------
2021-03-28 01:21:51.201  INFO 11244 --- [http-nio-8080-exec-8] com.blog.aspect.LogAspect                : Result: index
2021-03-28 01:21:51.497  WARN 11244 --- [http-nio-8080-exec-5] com.zaxxer.hikari.pool.PoolBase          : HikariPool-1 - Failed to validate connection com.mysql.cj.jdbc.ConnectionImpl@69cda281 (No operations allowed after connection closed.). Possibly consider using a shorter maxLifetime value.
2021-03-28 01:21:51.653  INFO 11244 --- [http-nio-8080-exec-5] com.blog.aspect.LogAspect                : ------------doAfter------------
2021-03-28 01:21:51.653  INFO 11244 --- [http-nio-8080-exec-5] com.blog.aspect.LogAspect                : Result: types
2021-03-28 01:21:52.281  WARN 11244 --- [http-nio-8080-exec-6] com.zaxxer.hikari.pool.PoolBase          : HikariPool-1 - Failed to validate connection com.mysql.cj.jdbc.ConnectionImpl@5fbfe0ad (No operations allowed after connection closed.). Possibly consider using a shorter maxLifetime value.
2021-03-28 01:21:52.357  INFO 11244 --- [http-nio-8080-exec-6] com.blog.aspect.LogAspect                : ------------doAfter------------
2021-03-28 01:21:52.358  INFO 11244 --- [http-nio-8080-exec-6] com.blog.aspect.LogAspect                : Result: blog
2021-03-28 01:21:52.733  INFO 11244 --- [http-nio-8080-exec-3] com.blog.aspect.LogAspect                : Request: LogAspect.RequestLog(url=http://localhost:8080/types/-1, ip=0:0:0:0:0:0:0:1, classMethod=com.blog.controller.TypeShowController.types, args=[-1, 1, {}])
2021-03-28 01:21:52.850  INFO 11244 --- [http-nio-8080-exec-3] com.blog.aspect.LogAspect                : ------------doAfter------------
2021-03-28 01:21:52.850  INFO 11244 --- [http-nio-8080-exec-3] com.blog.aspect.LogAspect                : Result: types
2021-03-28 01:21:54.095  WARN 11244 --- [http-nio-8080-exec-4] com.zaxxer.hikari.pool.PoolBase          : HikariPool-1 - Failed to validate connection com.mysql.cj.jdbc.ConnectionImpl@114841fc (No operations allowed after connection closed.). Possibly consider using a shorter maxLifetime value.
2021-03-28 01:21:54.182  WARN 11244 --- [http-nio-8080-exec-1] com.zaxxer.hikari.pool.PoolBase          : HikariPool-1 - Failed to validate connection com.mysql.cj.jdbc.ConnectionImpl@ec877cc (No operations allowed after connection closed.). Possibly consider using a shorter maxLifetime value.
2021-03-28 01:21:54.194  INFO 11244 --- [http-nio-8080-exec-10] com.blog.aspect.LogAspect                : Request: LogAspect.RequestLog(url=http://localhost:8080/tags/-1, ip=0:0:0:0:0:0:0:1, classMethod=com.blog.controller.TagShowController.types, args=[-1, 1, {}])
2021-03-28 01:21:54.249  INFO 11244 --- [http-nio-8080-exec-4] com.blog.aspect.LogAspect                : ------------doAfter------------
2021-03-28 01:21:54.250  INFO 11244 --- [http-nio-8080-exec-4] com.blog.aspect.LogAspect                : Result: types
2021-03-28 01:21:54.333  INFO 11244 --- [http-nio-8080-exec-1] com.blog.aspect.LogAspect                : ------------doAfter------------
2021-03-28 01:21:54.333  INFO 11244 --- [http-nio-8080-exec-1] com.blog.aspect.LogAspect                : Result: types
2021-03-28 01:21:54.339  INFO 11244 --- [http-nio-8080-exec-10] com.blog.aspect.LogAspect                : ------------doAfter------------
2021-03-28 01:21:54.340  INFO 11244 --- [http-nio-8080-exec-10] com.blog.aspect.LogAspect                : Result: tags
2021-03-28 01:21:55.536  INFO 11244 --- [http-nio-8080-exec-6] com.blog.aspect.LogAspect                : Request: LogAspect.RequestLog(url=http://localhost:8080/archives, ip=0:0:0:0:0:0:0:1, classMethod=com.blog.controller.ArchiveShowController.archives, args=[{}])
2021-03-28 01:21:55.774  INFO 11244 --- [http-nio-8080-exec-6] com.blog.aspect.LogAspect                : ------------doAfter------------
2021-03-28 01:21:55.775  INFO 11244 --- [http-nio-8080-exec-6] com.blog.aspect.LogAspect                : Result: archives
2021-03-28 01:21:56.807  INFO 11244 --- [http-nio-8080-exec-7] com.blog.aspect.LogAspect                : Request: LogAspect.RequestLog(url=http://localhost:8080/about, ip=0:0:0:0:0:0:0:1, classMethod=com.blog.controller.AboutShowController.about, args=[])
2021-03-28 01:21:56.807  INFO 11244 --- [http-nio-8080-exec-7] com.blog.aspect.LogAspect                : ------------doAfter------------
2021-03-28 01:21:56.808  INFO 11244 --- [http-nio-8080-exec-7] com.blog.aspect.LogAspect                : Result: about
2021-03-28 01:21:58.319  INFO 11244 --- [http-nio-8080-exec-10] com.blog.aspect.LogAspect                : Request: LogAspect.RequestLog(url=http://localhost:8080/archives, ip=0:0:0:0:0:0:0:1, classMethod=com.blog.controller.ArchiveShowController.archives, args=[{}])
2021-03-28 01:21:58.525  INFO 11244 --- [http-nio-8080-exec-10] com.blog.aspect.LogAspect                : ------------doAfter------------
2021-03-28 01:21:58.525  INFO 11244 --- [http-nio-8080-exec-10] com.blog.aspect.LogAspect                : Result: archives
2021-03-28 01:21:59.278  INFO 11244 --- [http-nio-8080-exec-1] com.blog.aspect.LogAspect                : Request: LogAspect.RequestLog(url=http://localhost:8080/tags/-1, ip=0:0:0:0:0:0:0:1, classMethod=com.blog.controller.TagShowController.types, args=[-1, 1, {}])
2021-03-28 01:21:59.431  INFO 11244 --- [http-nio-8080-exec-1] com.blog.aspect.LogAspect                : ------------doAfter------------
2021-03-28 01:21:59.431  INFO 11244 --- [http-nio-8080-exec-1] com.blog.aspect.LogAspect                : Result: tags
2021-03-28 01:22:00.381  INFO 11244 --- [http-nio-8080-exec-5] com.blog.aspect.LogAspect                : Request: LogAspect.RequestLog(url=http://localhost:8080/types/-1, ip=0:0:0:0:0:0:0:1, classMethod=com.blog.controller.TypeShowController.types, args=[-1, 1, {}])
2021-03-28 01:22:00.537  INFO 11244 --- [http-nio-8080-exec-5] com.blog.aspect.LogAspect                : ------------doAfter------------
2021-03-28 01:22:00.537  INFO 11244 --- [http-nio-8080-exec-5] com.blog.aspect.LogAspect                : Result: types
2021-03-28 01:22:01.678  INFO 11244 --- [http-nio-8080-exec-10] com.blog.aspect.LogAspect                : Request: LogAspect.RequestLog(url=http://localhost:8080/blog/11, ip=0:0:0:0:0:0:0:1, classMethod=com.blog.controller.IndexController.toLogin, args=[11, {}])
2021-03-28 01:22:01.747  INFO 11244 --- [http-nio-8080-exec-10] com.blog.aspect.LogAspect                : ------------doAfter------------
2021-03-28 01:22:01.747  INFO 11244 --- [http-nio-8080-exec-10] com.blog.aspect.LogAspect                : Result: blog
2021-03-28 01:22:07.359  INFO 11244 --- [http-nio-8080-exec-6] com.blog.aspect.LogAspect                : Request: LogAspect.RequestLog(url=http://localhost:8080/, ip=0:0:0:0:0:0:0:1, classMethod=com.blog.controller.IndexController.toIndex, args=[1, {}])
2021-03-28 01:22:07.648  INFO 11244 --- [http-nio-8080-exec-6] com.blog.aspect.LogAspect                : ------------doAfter------------
2021-03-28 01:22:07.648  INFO 11244 --- [http-nio-8080-exec-6] com.blog.aspect.LogAspect                : Result: index
2021-03-28 01:23:37.280  INFO 11244 --- [http-nio-8080-exec-6] com.blog.aspect.LogAspect                : Request: LogAspect.RequestLog(url=http://localhost:8080/tags/-1, ip=0:0:0:0:0:0:0:1, classMethod=com.blog.controller.TagShowController.types, args=[-1, 1, {}])
2021-03-28 01:23:37.433  INFO 11244 --- [http-nio-8080-exec-6] com.blog.aspect.LogAspect                : ------------doAfter------------
2021-03-28 01:23:37.433  INFO 11244 --- [http-nio-8080-exec-6] com.blog.aspect.LogAspect                : Result: tags
2021-03-28 01:23:38.818  INFO 11244 --- [http-nio-8080-exec-7] com.blog.aspect.LogAspect                : Request: LogAspect.RequestLog(url=http://localhost:8080/archives, ip=0:0:0:0:0:0:0:1, classMethod=com.blog.controller.ArchiveShowController.archives, args=[{}])
2021-03-28 01:23:39.052  INFO 11244 --- [http-nio-8080-exec-7] com.blog.aspect.LogAspect                : ------------doAfter------------
2021-03-28 01:23:39.052  INFO 11244 --- [http-nio-8080-exec-7] com.blog.aspect.LogAspect                : Result: archives
2021-03-28 01:23:39.753  INFO 11244 --- [http-nio-8080-exec-9] com.blog.aspect.LogAspect                : Request: LogAspect.RequestLog(url=http://localhost:8080/about, ip=0:0:0:0:0:0:0:1, classMethod=com.blog.controller.AboutShowController.about, args=[])
2021-03-28 01:23:39.753  INFO 11244 --- [http-nio-8080-exec-9] com.blog.aspect.LogAspect                : ------------doAfter------------
2021-03-28 01:23:39.753  INFO 11244 --- [http-nio-8080-exec-9] com.blog.aspect.LogAspect                : Result: about
2021-03-28 01:55:53.511  INFO 11244 --- [http-nio-8080-exec-6] com.blog.aspect.LogAspect                : Request: LogAspect.RequestLog(url=http://localhost:8080/, ip=0:0:0:0:0:0:0:1, classMethod=com.blog.controller.IndexController.toIndex, args=[1, {}])
2021-03-28 01:55:53.733  INFO 11244 --- [http-nio-8080-exec-6] com.blog.aspect.LogAspect                : ------------doAfter------------
2021-03-28 01:55:53.733  INFO 11244 --- [http-nio-8080-exec-6] com.blog.aspect.LogAspect                : Result: index
